<?xml version="1.0" encoding="windows-1252" standalone="no"?>
<!DOCTYPE log SYSTEM "logger.dtd">
<log>
<record>
  <date>2021-10-19T15:12:58</date>
  <millis>1634635678981</millis>
  <sequence>0</sequence>
  <logger>logging.LoggerExample</logger>
  <level>CONFIG</level>
  <class>logging.HandlerExample</class>
  <method>main</method>
  <thread>1</thread>
  <message>Configuration done.</message>
</record>
<record>
  <date>2021-10-19T15:12:59</date>
  <millis>1634635679037</millis>
  <sequence>1</sequence>
  <logger>logging.LoggerExample</logger>
  <level>FINE</level>
  <class>logging.HandlerExample</class>
  <method>main</method>
  <thread>1</thread>
  <message>Finer logged</message>
</record>
<record>
  <date>2021-10-19T15:12:59</date>
  <millis>1634635679037</millis>
  <sequence>2</sequence>
  <logger>logging.LoggerExample</logger>
  <level>FINER</level>
  <class>logging.HandlerExample</class>
  <method>main</method>
  <thread>1</thread>
  <message>Finest example on LOGGER handler completed.</message>
</record>
</log>
